<?xml version="1.0" encoding="UTF-8"?>
<Site BuildName="Win32-ninja"
	BuildStamp="20250822-0907-Experimental"
	Name="dinmCND2310P77"
	Generator="ctest-4.1.0"
	CompilerName="C:/mingw_14.20/mingw64/bin/c++.exe"
	CompilerVersion="14.2.0"
	OSName="Windows"
	Hostname="dinmCND2310P77"
	OSRelease=" Professional"
	OSVersion=" (Build 22631)"
	OSPlatform="AMD64"
	Is64Bits="1"
	VendorString="GenuineIntel"
	VendorID="Intel Corporation"
	FamilyID="6"
	ModelID="13"
	ModelName=""
	ProcessorCacheSize="-1"
	NumberOfLogicalCPU="16"
	NumberOfPhysicalCPU="8"
	TotalVirtualMemory="37295"
	TotalPhysicalMemory="32431"
	LogicalProcessorsPerPhysical="2"
	ProcessorClockFrequency="2496"
	>
	<Testing>
		<StartDateTime>Aug 22 10:16 GMT Summer Time</StartDateTime>
		<StartTestTime>1755854173</StartTestTime>
		<TestList/>
		<EndDateTime>Aug 22 10:16 GMT Summer Time</EndDateTime>
		<EndTestTime>1755854173</EndTestTime>
		<ElapsedMinutes>0</ElapsedMinutes>
	</Testing>
</Site>
